<?xml version="1.0" encoding="UTF-8"?>
<!-- Generated by org.testng.reporters.JUnitReportReporter -->
<testsuite hostname="DESKTOP-HC5SLUT" failures="0" tests="1" name="com.gitDemo.Grid.Teest" time="4.250" errors="0" timestamp="2023-06-22T16:20:03 IST" skipped="0">
  <testcase classname="com.gitDemo.Grid.Teest" name="Checkin" time="4.250"/>
  <system-out/>
</testsuite> <!-- com.gitDemo.Grid.Teest -->
