<?xml version="1.0" encoding="UTF-8"?>
<!-- Generated by org.testng.reporters.JUnitReportReporter -->
<testsuite hostname="DESKTOP-HC5SLUT" failures="0" tests="1" name="com.gitDemo.Grid.Test1" time="7.125" errors="0" timestamp="2023-06-21T20:19:19 IST" skipped="0">
  <testcase classname="com.gitDemo.Grid.Test1" name="Checkin" time="7.125"/>
  <system-out/>
</testsuite> <!-- com.gitDemo.Grid.Test1 -->
